<?xml version="1.0" encoding="utf-8" standalone="no"?>
<test-results xmlns:xsi="http://www.w3.org/2001/XMLSchema-instance" xsi:noNamespaceSchemaLocation="nunit_schema_2.5.xsd" name="Pester" total="1" errors="0" failures="0" not-run="0" inconclusive="0" ignored="0" skipped="0" invalid="0" date="2024-12-08" time="21:44:41">
  <environment platform="Microsoft Windows 11 Pro|C:\WINDOWS|\Device\Harddisk0\Partition3" nunit-version="2.5.8.0" clr-version="" cwd="C:\Users\chivi\OneDrive\Desktop\powershell" machine-name="DESKTOP-65538NE" user-domain="DESKTOP-65538NE" os-version="10.0.26100" user="chivi" />
  <culture-info current-culture="en-US" current-uiculture="en-US" />
  <test-suite type="Powershell" name="Pester" executed="True" result="Success" success="True" time="1.406" asserts="0">
    <results>
      <test-suite type="TestFixture" name="Checking deployment" executed="True" result="Success" success="True" time="1.406" asserts="0" description="Checking deployment">
        <results>
          <test-case description="Making sure the print spooler is running" name="Checking deployment.Making sure the print spooler is running" time="1.406" asserts="0" success="True" result="Success" executed="True" />
        </results>
      </test-suite>
    </results>
  </test-suite>
</test-results>